AR_Interactive_Fairytales/Library/Bee/Android/Prj/IL2CPP/Gradle/unityLibrary/build/intermediates/manifest_merge_blame_file/release/manifest-merger-blame-release-report.txt
1<?xml version="1.0" encoding="utf-8"?>
2<manifest xmlns:android="http://schemas.android.com/apk/res/android"
3    xmlns:tools="http://schemas.android.com/tools"
4    package="com.unity3d.player" >
5
6    <uses-sdk
7        android:minSdkVersion="24"
7-->src/main/AndroidManifest.xml
8        android:targetSdkVersion="32" />
8-->src/main/AndroidManifest.xml
9
10    <uses-permission android:name="android.permission.INTERNET" />
10-->src/main/AndroidManifest.xml:3:3-65
10-->src/main/AndroidManifest.xml:3:20-62
11
12    <uses-feature android:glEsVersion="0x00030000" />
12-->src/main/AndroidManifest.xml:4:3-52
12-->src/main/AndroidManifest.xml:4:17-49
13    <uses-feature
13-->src/main/AndroidManifest.xml:5:3-88
14        android:name="android.hardware.touchscreen"
14-->src/main/AndroidManifest.xml:5:17-60
15        android:required="false" />
15-->src/main/AndroidManifest.xml:5:61-85
16    <uses-feature
16-->src/main/AndroidManifest.xml:6:3-99
17        android:name="android.hardware.touchscreen.multitouch"
17-->src/main/AndroidManifest.xml:6:17-71
18        android:required="false" />
18-->src/main/AndroidManifest.xml:6:72-96
19    <uses-feature
19-->src/main/AndroidManifest.xml:7:3-108
20        android:name="android.hardware.touchscreen.multitouch.distinct"
20-->src/main/AndroidManifest.xml:7:17-80
21        android:required="false" />
21-->src/main/AndroidManifest.xml:7:81-105
22
23    <uses-permission android:name="android.permission.CAMERA" />
23-->src/main/AndroidManifest.xml:26:3-63
23-->src/main/AndroidManifest.xml:26:20-60
24
25    <uses-feature
25-->src/main/AndroidManifest.xml:27:3-85
26        android:name="android.hardware.camera.ar"
26-->src/main/AndroidManifest.xml:27:17-58
27        android:required="true" />
27-->src/main/AndroidManifest.xml:27:59-82
28    <uses-feature
28-->src/main/AndroidManifest.xml:28:3-83
29        android:name="com.google.ar.core.depth"
29-->src/main/AndroidManifest.xml:28:17-56
30        android:required="true" />
30-->src/main/AndroidManifest.xml:28:57-80
31
32    <application android:extractNativeLibs="true" >
32-->src/main/AndroidManifest.xml:8:3-25:17
32-->src/main/AndroidManifest.xml:8:16-48
33        <meta-data
33-->src/main/AndroidManifest.xml:9:5-69
34            android:name="unity.splash-mode"
34-->src/main/AndroidManifest.xml:9:16-48
35            android:value="0" />
35-->src/main/AndroidManifest.xml:9:49-66
36        <meta-data
36-->src/main/AndroidManifest.xml:10:5-74
37            android:name="unity.splash-enable"
37-->src/main/AndroidManifest.xml:10:16-50
38            android:value="True" />
38-->src/main/AndroidManifest.xml:10:51-71
39        <meta-data
39-->src/main/AndroidManifest.xml:11:5-78
40            android:name="unity.launch-fullscreen"
40-->src/main/AndroidManifest.xml:11:16-54
41            android:value="True" />
41-->src/main/AndroidManifest.xml:11:55-75
42        <meta-data
42-->src/main/AndroidManifest.xml:12:5-84
43            android:name="unity.allow-resizable-window"
43-->src/main/AndroidManifest.xml:12:16-59
44            android:value="False" />
44-->src/main/AndroidManifest.xml:12:60-81
45        <meta-data
45-->src/main/AndroidManifest.xml:13:5-81
46            android:name="notch.config"
46-->src/main/AndroidManifest.xml:13:16-43
47            android:value="portrait|landscape" />
47-->src/main/AndroidManifest.xml:13:44-78
48        <meta-data
48-->src/main/AndroidManifest.xml:14:5-84
49            android:name="unity.auto-report-fully-drawn"
49-->src/main/AndroidManifest.xml:14:16-60
50            android:value="true" />
50-->src/main/AndroidManifest.xml:14:61-81
51
52        <activity
52-->src/main/AndroidManifest.xml:15:5-22:16
53            android:name="com.unity3d.player.UnityPlayerActivity"
53-->src/main/AndroidManifest.xml:15:15-68
54            android:configChanges="mcc|mnc|locale|touchscreen|keyboard|keyboardHidden|navigation|orientation|screenLayout|uiMode|screenSize|smallestScreenSize|fontScale|layoutDirection|density"
54-->src/main/AndroidManifest.xml:15:181-362
55            android:exported="true"
55-->src/main/AndroidManifest.xml:15:434-457
56            android:hardwareAccelerated="false"
56-->src/main/AndroidManifest.xml:15:398-433
57            android:launchMode="singleTask"
57-->src/main/AndroidManifest.xml:15:149-180
58            android:resizeableActivity="false"
58-->src/main/AndroidManifest.xml:15:363-397
59            android:screenOrientation="landscape"
59-->src/main/AndroidManifest.xml:15:111-148
60            android:theme="@style/UnityThemeSelector" >
60-->src/main/AndroidManifest.xml:15:69-110
61            <intent-filter>
61-->src/main/AndroidManifest.xml:16:7-19:23
62                <category android:name="android.intent.category.LAUNCHER" />
62-->src/main/AndroidManifest.xml:17:9-69
62-->src/main/AndroidManifest.xml:17:19-66
63
64                <action android:name="android.intent.action.MAIN" />
64-->src/main/AndroidManifest.xml:18:9-61
64-->src/main/AndroidManifest.xml:18:17-58
65            </intent-filter>
66
67            <meta-data
67-->src/main/AndroidManifest.xml:20:7-82
68                android:name="unityplayer.UnityActivity"
68-->src/main/AndroidManifest.xml:20:18-58
69                android:value="true" />
69-->src/main/AndroidManifest.xml:20:59-79
70            <meta-data
70-->src/main/AndroidManifest.xml:21:7-70
71                android:name="notch_support"
71-->src/main/AndroidManifest.xml:21:18-46
72                android:value="true" />
72-->src/main/AndroidManifest.xml:21:47-67
73        </activity>
74
75        <meta-data
75-->src/main/AndroidManifest.xml:23:5-88
76            android:name="unityplayer.SkipPermissionsDialog"
76-->src/main/AndroidManifest.xml:23:16-64
77            android:value="true" />
77-->src/main/AndroidManifest.xml:23:65-85
78        <meta-data
78-->src/main/AndroidManifest.xml:24:5-77
79            android:name="com.google.ar.core"
79-->src/main/AndroidManifest.xml:24:16-49
80            android:value="required" />
80-->src/main/AndroidManifest.xml:24:50-74
81    </application>
82
83</manifest>